<?xml version="1.0" encoding="UTF-8"?>
<!-- Generated by org.testng.reporters.JUnitReportReporter -->
<testsuite skipped="0" hostname="DESKTOP-Q2PO9K0" name="test.NewDepositTest" tests="1" failures="0" timestamp="2020-02-15T07:46:56 CST" time="19.828" errors="0">
  <testcase name="userShouldBeAbleToAddNewDeposit" time="19.828" classname="test.NewDepositTest"/>
</testsuite> <!-- test.NewDepositTest -->
